{
  "RSpec": {
    "coverage": {
      "/Users/chris/CodeProjects/Personal/music-mix-manager/config/environment.rb": [
        null,
        1,
        null,
        null,
        1
      ],
      "/Users/chris/CodeProjects/Personal/music-mix-manager/config/application.rb": [
        1,
        null,
        1,
        null,
        1,
        1,
        1,
        1,
        1,
        1,
        1,
        1,
        1,
        null,
        null,
        null,
        null,
        1,
        null,
        1,
        1,
        null,
        1,
        null,
        null,
        null,
        null,
        null,
        null,
        null,
        1,
        null,
        null
      ],
      "/Users/chris/CodeProjects/Personal/music-mix-manager/config/boot.rb": [
        1,
        null,
        1,
        1
      ],
      "/Users/chris/CodeProjects/Personal/music-mix-manager/config/environments/test.rb": [
        1,
        null,
        null,
        null,
        null,
        null,
        null,
        1,
        null,
        null,
        null,
        null,
        1,
        null,
        null,
        1,
        1,
        null,
        null,
        null,
        null,
        1,
        1,
        null,
        null,
        1,
        null,
        null,
        1,
        null,
        null,
        1,
        null,
        1,
        null,
        null,
        null,
        null,
        1,
        null,
        null,
        1,
        null,
        null,
        null,
        null
      ],
      "/Users/chris/CodeProjects/Personal/music-mix-manager/config/initializers/application_controller_renderer.rb": [
        null,
        null,
        null,
        null,
        null,
        null,
        null,
        null
      ],
      "/Users/chris/CodeProjects/Personal/music-mix-manager/config/initializers/assets.rb": [
        null,
        null,
        null,
        1,
        null,
        null,
        null,
        null,
        1,
        null,
        null,
        null,
        null,
        null
      ],
      "/Users/chris/CodeProjects/Personal/music-mix-manager/config/initializers/backtrace_silencers.rb": [
        null,
        null,
        null,
        null,
        null,
        null,
        null
      ],
      "/Users/chris/CodeProjects/Personal/music-mix-manager/config/initializers/content_security_policy.rb": [
        null,
        null,
        null,
        null,
        null,
        null,
        null,
        null,
        null,
        null,
        null,
        null,
        null,
        null,
        null,
        null,
        null,
        null,
        null,
        null,
        null,
        null,
        null,
        null,
        null
      ],
      "/Users/chris/CodeProjects/Personal/music-mix-manager/config/initializers/cookies_serializer.rb": [
        null,
        null,
        null,
        null,
        1
      ],
      "/Users/chris/CodeProjects/Personal/music-mix-manager/config/initializers/filter_parameter_logging.rb": [
        null,
        null,
        null,
        1
      ],
      "/Users/chris/CodeProjects/Personal/music-mix-manager/config/initializers/inflections.rb": [
        null,
        null,
        null,
        null,
        null,
        null,
        null,
        null,
        null,
        null,
        null,
        null,
        null,
        null,
        null,
        null
      ],
      "/Users/chris/CodeProjects/Personal/music-mix-manager/config/initializers/mime_types.rb": [
        null,
        null,
        null,
        null
      ],
      "/Users/chris/CodeProjects/Personal/music-mix-manager/config/initializers/wrap_parameters.rb": [
        null,
        null,
        null,
        null,
        null,
        null,
        1,
        2,
        null,
        null,
        null,
        null,
        null,
        null
      ],
      "/Users/chris/CodeProjects/Personal/music-mix-manager/config/routes.rb": [
        1,
        1,
        1,
        null
      ],
      "/Users/chris/CodeProjects/Personal/music-mix-manager/app/helpers/application_helper.rb": [
        1,
        null
      ],
      "/Users/chris/CodeProjects/Personal/music-mix-manager/app/helpers/mixes_helper.rb": [
        1,
        null
      ],
      "/Users/chris/CodeProjects/Personal/music-mix-manager/spec/support/feature_helpers.rb": [
        1,
        1,
        5,
        5,
        5,
        5,
        5,
        5,
        null,
        null,
        1,
        1,
        1,
        1,
        1,
        1,
        1,
        null,
        null
      ],
      "/Users/chris/CodeProjects/Personal/music-mix-manager/app/controllers/mixes_controller.rb": [
        1,
        null,
        1,
        null,
        1,
        18,
        2,
        null,
        16,
        null,
        null,
        null,
        1,
        6,
        null,
        null,
        1,
        6,
        null,
        6,
        null,
        null,
        1,
        1,
        null,
        1,
        null,
        null,
        1,
        null,
        null,
        1,
        1,
        null,
        1,
        null,
        null,
        1,
        null,
        1,
        7,
        null,
        null,
        1,
        3,
        null,
        null
      ],
      "/Users/chris/CodeProjects/Personal/music-mix-manager/app/controllers/application_controller.rb": [
        1,
        null
      ],
      "/Users/chris/CodeProjects/Personal/music-mix-manager/spec/features/add_mix_spec.rb": [
        1,
        1,
        null,
        1,
        1,
        1,
        1,
        1,
        1,
        1,
        null,
        null
      ],
      "/Users/chris/CodeProjects/Personal/music-mix-manager/spec/features/delete_mix_spec.rb": [
        1,
        1,
        null,
        1,
        1,
        1,
        1,
        1,
        1,
        1,
        1,
        null,
        null
      ],
      "/Users/chris/CodeProjects/Personal/music-mix-manager/spec/features/search_by_tag_spec.rb": [
        1,
        1,
        null,
        1,
        1,
        1,
        1,
        1,
        1,
        1,
        null,
        null,
        1,
        1,
        1,
        1,
        1,
        1,
        1,
        1,
        1,
        1,
        1,
        1,
        1,
        1,
        1,
        1,
        1,
        1,
        null,
        null
      ],
      "/Users/chris/CodeProjects/Personal/music-mix-manager/spec/features/update_mix_spec.rb": [
        1,
        1,
        null,
        1,
        1,
        1,
        1,
        1,
        1,
        1,
        1,
        1,
        1,
        1,
        1,
        1,
        1,
        1,
        1,
        null,
        null
      ],
      "/Users/chris/CodeProjects/Personal/music-mix-manager/spec/helpers/mixes_helper_spec.rb": [
        1,
        null,
        null,
        null,
        null,
        null,
        null,
        null,
        null,
        null,
        null,
        null,
        1,
        1,
        null
      ],
      "/Users/chris/CodeProjects/Personal/music-mix-manager/spec/models/mix_spec.rb": [
        1,
        null,
        1,
        null,
        null
      ],
      "/Users/chris/CodeProjects/Personal/music-mix-manager/app/models/mix.rb": [
        1,
        1,
        1,
        1,
        null,
        1,
        null,
        1,
        7,
        null,
        null,
        null
      ],
      "/Users/chris/CodeProjects/Personal/music-mix-manager/app/models/application_record.rb": [
        1,
        1,
        null
      ],
      "/Users/chris/CodeProjects/Personal/music-mix-manager/spec/views/mixes/index.html.erb_spec.rb": [
        1,
        null,
        1,
        1,
        null
      ]
    },
    "timestamp": 1549710020
  }
}
